<?xml version="1.0" encoding="UTF-8"?>
<!-- Generated by org.testng.reporters.JUnitReportReporter -->
<testsuite skipped="0" hostname="Elifs-Air.attlocal.net" name="com.hotels.tests.HotelsMainPage1Test" tests="2" failures="0" timestamp="30 Nov 2019 01:52:51 GMT" time="26.359" errors="0">
  <testcase name="verifyHomePageTitleTest" time="10.661" classname="com.hotels.tests.HotelsMainPage1Test"/>
  <testcase name="searchHotelsInNewYork" time="15.698" classname="com.hotels.tests.HotelsMainPage1Test"/>
</testsuite> <!-- com.hotels.tests.HotelsMainPage1Test -->
