<?xml version="1.0" encoding="UTF-8"?>
<!-- Generated by org.testng.reporters.JUnitReportReporter -->
<testsuite skipped="0" hostname="Elifs-Air.attlocal.net" name="com.hotels.tests.HotelsInNewYorkPage2Test" tests="4" failures="0" timestamp="30 Nov 2019 01:52:51 GMT" time="205.640" errors="0">
  <testcase name="verifyHomePageTitleTest" time="19.689" classname="com.hotels.tests.HotelsInNewYorkPage2Test"/>
  <testcase name="Search3StarHotels" time="64.340" classname="com.hotels.tests.HotelsInNewYorkPage2Test"/>
  <testcase name="Search4StarHotels" time="56.602" classname="com.hotels.tests.HotelsInNewYorkPage2Test"/>
  <testcase name="Search5StarHotels" time="65.009" classname="com.hotels.tests.HotelsInNewYorkPage2Test"/>
</testsuite> <!-- com.hotels.tests.HotelsInNewYorkPage2Test -->
